<?xml version="1.0" encoding="UTF-8"?>
<!-- Generated by org.testng.reporters.JUnitReportReporter -->
<testsuite hostname="AZMAL" failures="0" tests="1" name="com.amazon.webAutomation.Test.SearchProductTest" time="2.335" errors="0" timestamp="2022-07-11T18:14:28 IST" skipped="0">
  <testcase classname="com.amazon.webAutomation.Test.SearchProductTest" name="testSearchProduct" time="2.335"/>
  <system-out/>
</testsuite> <!-- com.amazon.webAutomation.Test.SearchProductTest -->
